0
1
0
0
0
0
0
0
767724
0
0
0
0
0
0
0
0
0
0
0
0
0
0
6938
0
0
0
0
0
0
0
0
0
0
104537089
0
33630255
0
0
1
1
0
0
0
0
0
0
0
0
0
0
0
0
0
0
0
0
0
0
0
0
0
0
0
0
0
0
0
0
0
0
0
0
0
0
0
0
0
0
2227
0
0
0
0
0
0
0
616739
0
0
0
0
0
48
0
0
40
0
0
606778
0
2413917
0
0
0
35766484
2918495
0
0
112530
0
0
0
0
95931
3101640
47872
0
0
0
326876
0
1
11
0
2722
0
0
0
3763
0
2466750
0
0
0
0
0
0
0
0
0
0
0
0
0
0
0
0
600875
33630255
0
0
0
0
0
0
0
1
0
0
7512
0
0
0
0
0
600875
0
0
0
0
121
222853
0
0
1447
0
14
218
0
0
0
0
0
0
1024608
2413917
0
0
0
65
156
2090
0
0
1
0
0
0
534888
0
0
0
0
662080
4617
146582
0
0
2622
0
0
0
0
1
0
0
0
0
0
18816
0
0
0
0
0
0
0
2228
1
0
1
0
46
0
23
0
0
0
7888
2044
20
0
0
0
0
0
18
0
0
0
0
51
0
0
0
0
0
0
0
0
0
0
0
2918495
0
21
0
90
0
0
10566
0
0
0
1578799
0
355
0
0
0
0
0
0
0
0
0
0
71
0
0
0
0
0
0
0
0
0
0
350039
0
0
0
0
12
121
0
0
0
0
534888
1173
0
0
0
0
0
98
17
0
0
0
0
2618
0
0
0
0
0
0
1
0
0
0
0
0
0
6986552
0
0
1
0
0
0
0
0
0
0
18
0
0
0
0
0
7472
0
0
0
0
211501
0
0
9254
13267854
0
0
0
0
1
14
0
678
0
0
0
0
0
135
0
0
0
261797845
0
304
129
0
79752
0
0
1610924
0
0
0
0
0
632
0
0
33915
0
0
568365
0
0
0
0
0
195
0
0
0
0
0
0
0
3705
0
12
1
0
0
87210
0
0
0
0
0
0
0
222622
0
27
0
0
1
0
113
0
0
0
11331220
0
2247740
0
0
0
0
0
0
0
0
2674440
0
23
0
0
0
0
1110
48079192
0
0
0
0
16390
0
0
0
0
0
0
0
0
0
0
0
0
0
0
2016645
2044
0
292
0
0
0
0
0
0
0
0
20868
0
0
0
0
0
0
0
0
0
0
0
1225785
0
0
0
823937
0
33630255
0
0
162
0
0
108
26912
0
0
0
0
0
0
0
0
0
0
0
0
0
0
0
0
0
0
0
0
0
0
0
0
0
0
0
0
0
260350868
0
0
0
0
0
0
0
0
0
0
17
0
0
1186488
0
0
0
0
385688
0
0
0
6
176529
0
0
0
0
0
0
0
0
0
0
0
18
0
10304
0
0
0
0
0
0
0
0
0
0
0
0
0
0
0
0
0
0
0
0
0
0
0
0
29457072
0
0
0
0
0
673432
4162863
0
0
0
0
4754
0
0
0
0
0
515564
0
0
149226
0
0
0
47538
0
0
0
0
74830
2922
1
0
0
0
0
20
1
0
0
0
0
0
7451385
160197597
0
0
1
0
0
0
0
0
495
0
1188640
0
2112324
1194
8
0
0
1
0
0
0
14255
159675535
0
11934
0
0
0
0
0
566792
0
14
0
0
0
0
0
0
0
0
0
0
0
0
0
0
0
0
0
0
0
0
0
0
0
0
0
0
0
0
0
0
0
0
0
0
0
0
0
0
0
0
26912
0
0
0
0
0
0
0
0
0
0
5138768
0
0
0
0
0
0
0
0
0
0
480
0
4778930
0
10
19
2084412
0
0
0
0
0
2473328
0
171
0
0
20
0
0
0
0
0
0
0
0
0
0
8814
0
0
0
0
12578
2228
0
0
0
0
0
0
0
1
0
0
0
0
0
0
0
0
0
0
0
0
0
3822
0
0
0
0
14575
1
22660403
418
0
0
0
408
9351624
0
0
0
0
25
1
0
0
0
0
0
18692
0
0
0
0
43532
480
0
0
0
0
0
0
0
0
0
0
0
0
2355456
0
90
0
10304
0
566792
0
0
0
0
0
0
0
0
0
0
0
0
961400
0
21
10
0
1
0
0
0
0
0
1
0
0
0
0
0
0
0
0
40344
0
0
0
1
54
0
303600
0
5508
0
0
0
0
0
0
75860
0
0
0
18044978
0
559065
0
0
0
0
0
0
0
0
0
15324
0
0
0
0
0
0
0
0
0
0
0
0
0
0
10659
0
0
0
50789
55
0
0
0
0
0
261797845
0
0
0
0
0
0
0
0
0
0
0
0
0
0
0
17848
16675791
0
0
0
0
0
0
0
0
0
14822
0
0
0
2674440
0
0
0
0
0
0
0
0
15
0
0
0
0
0
78
0
0
0
0
0
0
0
0
3814338
0
0
0
0
20043
0
0
1
0
0
0
0
0
0
0
0
0
10
0
0
0
0
0
5669320
0
0
0
1
0
0
0
1
0
2674440
0
0
0
0
0
0
0
0
0
0
0
0
318921
0
0
0
0
0
0
1334
0
0
0
0
0
0
0
1002
0
82038024
0
0
0
0
0
0
0
0
632
0
7451385
0
39974
0
0
0
0
0
0
6188
10337800
71912
0
374
141186396
0
0
0
1
0
0
0
0
31
0
0
0
0
0
0
290320
0
0
0
0
0
0
2187185
0
0
0
0
0
0
0
0
0
0
0
0
0
0
0
0
0
0
0
0
0
12
0
0
0
0
0
0
0
0
0
0
1
0
10566
9
0
0
0
0
0
0
1
0
0
0
0
0
0
0
0
0
0
0
80
0
0
0
544
0
0
0
0
0
0
1
0
0
0
0
632
10490644
0
0
0
0
0
0
0
0
0
0
0
0
0
0
0
0
1
0
0
0
0
0
0
0
42609
0
0
5
0
0
25
0
0
0
0
0
0
0
0
1944
0
0
0
0
0
0
48
1092598
0
0
0
0
0
0
0
0
0
0
0
0
0
0
0
4611360
0
0
6005
0
0
0
0
1
24
0
0
0
506959
0
0
0
0
0
16390
0
10
0
1
0
0
0
0
3808
0
0
0
0
0
0
0
0
0
0
170
0
0
0
165241
0
0
0
0
0
0
0
0
0
0
0
0
0
0
0
0
0
4617
159675535
0
0
0
0
637
0
0
0
0
0
1
1001
0
0
0
0
0
0
24
0
0
0
0
0
25662825
0
0
0
0
1
0
0
0
0
0
0
0
0
0
0
0
0
1
0
0
0
0
0
1
0
20
0
0
23
0
0
1385574
0
0
0
1
1
0
0
0
0
0
0
0
0
0
0
0
0
1
0
2562
0
2715
1
20
0
0
0
8290517
0
146
0
0
0
0
175
0
11166
0
0
0
0
0
656011
0
0
0
0
0
0
0
0
2136
0
0
0
0
0
49644
0
0
0
9
0
0
0
0
0
0
0
0
0
0
0
0
0
0
101463
0
0
0
0
0
0
0
0
0
20
0
0
656011
0
18
0
0
26
0
0
0
0
0
0
0
286572
0
0
0
0
0
0
0
0
0
0
0
0
0
0
35402
0
0
0
0
0
0
1
0
0
1
0
0
0
0
0
0
0
0
0
0
0
20
0
0
0
0
0
0
0
0
0
1
0
0
0
0
0
0
179
0
195
0
0
0
0
0
0
2244
0
0
0
35402
0
0
2546424
0
0
0
0
1
0
0
0
0
0
0
0
0
0
0
0
0
0
16390
0
0
0
1
0
0
0
0
1527
0
0
0
0
36369251
0
0
29
0
0
0
0
1323
0
0
0
0
0
0
0
0
0
18996505
0
0
0
214
0
0
0
0
0
0
0
0
0
0
218
0
0
54356
0
0
0
8750
78
0
0
0
0
0
0
0
0
0
1
0
0
0
1
646418
1
0
0
0
0
0
0
0
0
0
0
0
0
0
0
0
0
0
0
0
0
0
0
0
0
0
0
0
0
0
15324
0
0
0
0
0
0
0
0
279
0
11
3705
0
0
0
0
14
38760
0
0
0
141186396
0
0
0
0
0
0
11143
0
7
0
884
1
0
0
0
0
0
0
2772
0
0
0
0
0
0
0
0
0
0
0
374
0
13014
0
0
0
0
0
86350729
0
0
0
0
0
0
0
0
100172
0
0
0
0
0
0
0
0
1188640
0
0
351
0
1960
2092
0
4
0
0
0
0
0
0
0
0
400
0
0
10196
0
0
0
0
0
5658
0
0
0
0
0
0
0
0
0
0
0
0
0
0
28
0
0
0
6216210
0
0
0
0
0
0
0
0
205452
4922
0
6308
0
0
0
0
0
0
0
0
0
0
0
0
0
0
0
0
0
0
0
0
0
0
0
0
0
0
1
0
0
0
0
0
0
1527
0
31375
0
1
0
0
0
0
0
0
0
0
0
0
0
0
0
0
0
0
0
0
0
1
0
0
0
0
0
0
0
10673
0
0
0
0
0
0
1001
0
0
0
0
0
0
0
0
0
0
0
0
0
179
0
6986552
0
0
0
0
0
0
0
17672
0
0
0
0
0
0
0
0
0
14364
0
3162283
0
0
121770154
0
0
0
175
0
0
0
0
0
27
0
0
0
0
0
0
0
0
0
0
0
0
0
0
0
0
0
0
1
0
0
0
0
0
0
0
0
4754
0
1
0
0
0
0
123147661
0
0
0
0
0
0
0
0
1
0
0
0
0
0
0
27725
0
0
0
1
2247740
0
0
0
0
0
0
9
0
0
0
0
0
0
0
0
0
0
16390
0
0
0
0
1
