2684
998
992
4641
997
999
2350
947
8052
997
994
1503
2216
8157
987
4943
1568
997
5585
1234
1203
4775
1146
2137
2452
1703
995
990
995
1083
979
3026
1077
1862
998
2295
2980
1980
998
994
999
992
1178
1316
1742
5506
1582
4372
985
1200
1991
1542
1448
2146
5794
2122
1516
998
2360
1369
998
997
2654
2707
1365
983
1422
970
1383
995
1524
9850
1185
2015
4682
6185
5373
1336
1422
1971
17185
1660
986
1829
8509
2451
2838
1512
3948
1986
1133
1846
1695
1076
2710
1937
13673
1473
995
1143
1805
1687
1327
991
987
995
1097
1506
2878
1537
995
1778
1439
987
1297
4531
967
5222
1627
982
998
2841
2055
9535
1988
1748
12565
8380
998
979
3475
978
986
998
2970
3515
7096
1903
939
1176
5161
971
994
2121
1169
4286
994
1942
2354
997
3348
1461
2294
16287
1089
5106
989
4644
1986
1072
7770
1623
2145
1857
1657
1949
1125
1883
14942
3156
2017
98240
1342
12054
991
2463
1527
2182
5464
3098
3161
1198
1781
998
5561
2569
4517
13910
6461
999
993
999
996
2807
1217
996
5527
3077
2133
1767
1280
998
998
1929
991
2194
5481
1519
2003
1557
1676
1148
1033
3225
1237
12163
1335
1505
1724
1010
999
3427
1465
4002
998
1340
4397
3558
1368
5778
1294
1324
986
2052
1362
994
3582
999
2482
1524
899
996
1055
1356
1844
2421
10639
15682
2465
2233
2997
1259
1653
3125
1589
1888
1115
1832
1756
3626
998
1429
1213
977
5725
6751
1552
2519
1140
3157
2094
1306
994
2014
1083
1959
1452
1116
19295
996
997
970
3816
1320
4081
4238
2832
2205
992
985
997
1072
17785
4225
1193
996
1375
8233
2077
2458
1883
971
1331
1008
2201
41001
9234
1318
983
2321
993
1168
1338
1480
1581
2048
999
2200
2823
5762
1260
1087
996
4307
2632
2395
1328
1799
2490
7080
2624
2600
1278
2459
999
1843
1918
15020
1157
1371
4696
1922
999
16726
1154
998
956
10712
1928
3736
1111
1278
1115
7614
1155
1577
3504
1111
2547
2986
13014
864
999
1225
6121
31479
995
6134
999
1355
1677
1216
1418
5822
2767
7037
1147
2356
4561
1204
1931
996
1613
59073
1263
979
957
1042
1678
1516
1420
12361
4757
986
992
1985
1871
991
1283
1760
1242
996
1481
993
998
2387
982
1067
2683
999
11917
8497
949
987
3315
1516
1165
2576
1448
3400
1308
973
1404
12875
1326
16267
2532
991
2079
1467
1130
1979
983
999
996
1648
1211
992
1456
5616
996
1202
1747
1613
1350
2526
1138
994
2426
2112
2094
1366
5667
990
13324
1712
1119
2586
1129
966
1861
999
1540
997
5729
7683
1259
3288
990
5265
6449
1223
1111
1319
3532
3696
5867
1081
1277
998
1187
999
22943
999
2018
4565
980
1796
992
2266
1002
1321
999
996
982
989
988
1148
1250
999
11612
2327
12077
1549
994
998
1730
999
3752
1156
9139
2229
1997
2015
8053
9080
1539
3713
1490
2007
2840
2060
3293
2860
2695
2682
999
994
2294
2551
1264
5754
31946
2056
1058
1413
987
1738
3868
1420
1695
1758
999
1049
2336
998
3100
2643
1653
1717
1391
2549
2723
1057
985
2438
862
2722
1432
1091
4318
900
6391
1158
1407
1180
998
1066
10313
1624
14196
8531
997
43344
2715
991
76599
3793
1869
1189
23518
1146
5928
6333
999
1299
1648
1202
27633
2906
6711
1478
962
978
17424
3635
6364
993
1906
1099
209700
1459
1749
999
992
1203
2066
3936
2381
1822
2432
966
1380
1217
1555
2537
1939
8881
12281
3246
3084
999
1450
2079
1681
51941
982
1822
3450
1068
998
9127
991
1013
1340
13903
1323
1422
996
999
20856
999
3107
2356
1183
1437
1834
3140
1748
2543
1102
3050
3830
1460
981
1775
999
994
1224
997
6141
996
991
23037
998
5156
1247
28135
3464
1525
4059
2068
998
1479
4314
1347
15393
1575
1864
1534
4087
991
2454
1074
994
1772
1052
1195
995
19711
2393
999
24009
1759
999
2477
6466
1548
2382
1534
2871
40229
1552
994
1640
1804
2195
4940
1848
2639
3012
998
1457
5003
14907
3262
1451
2348
1087
1083
19048
30176
1074
7781
1650
971
1227
997
1074
3034
998
2907
995
1738
1272
10942
3045
1436
1808
1092
1263
1291
4964
4686
1636
1872
995
2030
5084
2504
1033
1422
2539
1279
6217
2700
989
1827
5442
996
2660
1029
2484
5989
999
1354
3803
1495
1448
2373
2599
4306
12297
1527
1951
1092
3390
957
3741
4018
2322
996
2479
3395
9457
2652
11783
1197
1758
54691
1576
1759
997
1213
2015
1435
1843
999
1019
966
1463
64556
5731
989
1281
1437
1220
1543
2092
1400
999
3112
1072
1408
3951
1485
1169
1263
2376
5623
1634
970
994
996
13032
31910
958
999
2366
1328
1450
974
1178
1356
9990
4995
10884
13262
2620
1410
1953
1882
8265
93751
1733
18620
11074
4881
1406
996
1302
852
1963
4117
997
1142
996
4320
32595
2337
999
1967
996
1600
1060
6740
980
1729
1160
3877
5963
1244
1343
3244
981
3631
997
1374
1526
1013
1480
24779
4130
8278
1170
2564
11307
2945
1065
19173
1258
1557
1077
965
3167
1575
1168
1572
1414
998
2055
1656
992
991
999
4299
1086
996
1440
2561
1214
995
3094
3776
1966
1357
1791
6680
1551
995
2086
10072
919
1191
1974
998
999
1010
6184
995
1556
1884
49309
2357
2663
2418
991
1892
994
1045
14912
996
1130
992
1403
1311
1148
1995
2047
1112
2851
987
997
2630
999
992
1500
997
1147
2973
4838
2571
558
8389
997
993
1115
1606
1494
2594
2267
4679
1082
2517
1477
1004
1362
999
995
2230
8149
9294
1842
998
997
1817
986
1800
989
1533
2789
1215
999
18988
2172
1771
1565
1450
1020
1152
1529
1777
1281
998
3870
1417
1924
1603
8141
3136
11247
998
7869
12984
3629
1669
3029
2817
3817
5814
992
5553
2104
1173
997
2618
996
1432
4082
1764
1482
81953
2511
1036
1233
1055
2548
1479
1419
1443
1737
1355
3223
2410
998
2739
1878
983
3291
5452
1279
4941
1744
1758
996
995
1019
1431
1286
948
999
5252
1133
1017
2771
989
1393
997
1995
3052
2393
998
3158
999
7214
1541
999
2110
11729
995
1240
1689
2697
997
1646
1397
1406
248946
999
2102
997
1594
1172
2248
1767
6137
4968
8512
3392
1498
1330
988
1769
30368
2546
1061
3796
1171
994
1444
1441
1239
1014
1842
2041
1052
3208
1393
4823
1227
2250
1065
1389
3031
1955
2179
6331
997
1484
2681
8725
999
3568
1265
5895
1752
4914
1052
2000
7640
999
1977
1096
2556
6958
998
2022
1742
1779
1331
1464
1131
1555
7429
997
992
2473
1103
4026
1232
4202
7823
2085
2847
1541
1077
3130
7819
1660
3495
993
3694
4409
62695
4686
1264
1999
956
1128
2349
1322
1288
998
1401
1228
1471
1746
996
1309
1684
4815
1666
1366
1325
1359
1808
1908
2180
1613
3161
