0.7071
508.4142
96.5194
46.2709
33.3766
136.4001
127.5657
97.9081
123.4382
50.6952
83.2406
96.7471
51.3517
276.7255
45.8803
61.2209
33.4215
435.3321
35.7351
86.0523
7.2801
102.4207
26.9258
30.0000
195.8009
131.0954
75.0267
8.9443
174.4506
26.0768
964.4729
126.2537
76.2365
75.1532
471.1794
61.2944
26.9258
44.9222
38.4838
27.4591
12.7279
38.4708
5.8310
23.0868
64.0078
117.9237
61.3922
29.4109
124.1974
39.0128
392.2270
19.4165
137.1313
137.0000
57.0088
180.9226
387.7783
206.4946
386.7570
69.5701
171.7586
40.0125
152.1611
22.6716
42.0595
4534.4289
53.6004
11.4018
123.1666
49.9800
676.2396
70.2638
39.2046
47.2017
18.0278
5.6569
287.8142
154.0292
68.6003
20.0000
141.0567
102.3963
15.5242
69.9714
77.2010
74.3303
915.9662
55.3624
48.3735
45.6070
330.1424
1299.0466
63.6003
97.0155
35.6090
1.0000
1.4142
3.6056
3.1623
1.4142
