106158098 41
331974324 338
983752367 14
1276813978 41
733685122 14
5718828 68
730223394 14
895482602 14
520931915 14
736819349 5
361689890 122
408519288 284
962397670 122
1435660496 122
1841344449 14
1783000193 8
1551428670 1094
1375540429 14
912944310 122
1807301946 122
426754389 5
770128240 365
860576640 1823
977267361 14
715919027 5
353616538 41
88026357 41
856673771 5
1786462033 2
562711281 122
1687789063 2
1754301907 5
1098022028 68
1754875292 8
1809121842 203
921607255 41
912921411 14
2885697 23
320197182 41
304123639 14
1041302461 14
1197646602 122
802679331 5
1527444685 14
863884061 5
637152458 5
1773901763 2
1426888490 41
1932587735 41
92447767 5
546304667 14
320973284 68
1076944025 8
1799062255 14
639115178 122
1162673489 2
202396478 14
290869909 14
1312572038 5
9857778 122
282520008 662
909803907 17
1203513514 41
460142425 8
1474384906 14
1393716846 14
994547055 41
1110172691 5
369086962 5
1578191327 2
1819099066 14
395679262 41
1251610269 41
442680395 41
1951896574 5
1101552702 365
1337501041 5
243603865 5
1792392487 5
4066905 14
589691183 14
1008640192 176
515559806 41
326637304 284
605625182 5
470843193 5
426086558 5
1143033952 50
974405472 50
798592771 14
900942868 23
464323574 122
1786218925 23
1537333075 8
343975505 5
613362470 365
742606829 14
262746940 203
209271540 608
784706829 5
818647244 23
1639199788 23
15277421 5
709359687 14
1644988924 68
1062123590 122
574644906 203
204967067 5
333981006 14
1578806694 284
1163151726 41
272700683 14
510307403 5
1361478623 5
1557412824 284
428025425 8
253511113 2
1570844417 5
371778946 365
388850778 68
774281801 14
256132826 14
1729269521 5
905159232 410
1292723659 2
1382260149 23
755237730 365
531553600 98
726730688 176
1912698089 14
600209722 23
930200261 2
1421757505 41
1861082179 14
1031425528 95
1662126664 158
1184251641 14
519170970 41
1209281380 23
26828074 608
278757627 41
1197240878 23
1669037333 14
1218890298 41
9180940 23
574856367 14
761989380 203
1262042961 14
355015048 11
1537681062 14
1104218827 2
1419455302 5
1457655598 41
20558748 68
146449709 14
1307962366 14
1365294902 14
7312524 68
1774157822 41
1285783473 14
1535442628 23
1096645900 113
347682725 68
1901489517 8
1402168610 14
815306945 5
832812912 203
1912844992 59
628597081 14
1752625246 14
1170134317 5
862915068 338
1730559055 14
395102833 2
1387422264 32
435190041 563
1587347574 122
423648145 5
1566519663 5
55107344 14
1393800395 14
728402959 5
1442807662 14
1706249633 14
226917078 122
567390895 41
49775397 203
357294783 41
676153255 14
87243791 5
607255088 41
117746408 32
723684228 203
501966290 68
499874932 68
166031357 2
1809016098 122
1008046450 113
1023522090 41
334396223 14
1292920712 32
32375967 14
1100069432 284
1424207071 41
1199256150 608
1050262754 41
1959845418 68
1790546607 53
852716614 14
1942128654 122
938961339 5
1323155233 5
1274954759 68
1052867394 68
411349130 14
868986180 338
1819586697 14
65499081 41
400138204 68
1848076956 338
638813836 23
165705890 365
297168346 5
782013753 23
570694043 5
205413000 1985
1680677027 2
1333963383 122
1263493570 14
976843516 68
973964670 608
1582006850 23
1474236285 14
767583700 338
1429806124 8
1700062890 41
278155967 2
1698987608 95
1964900692 23
180119089 14
473987594 14
1544772160 176
1328567368 53
62306540 68
595341051 5
55701707 14
1525279482 68
1881950899 2
1159547119 14
331122829 2
