1099831
18044658
-1
-1
8534704
23230903
15639778
3151017
24237047
7460814
-1
-1
-1
-1
-1
14027735
15358621
-1
24003056
221863
13959927
783968
20531907
10049410
13211181
424615
6212668
9996729
-1
-1
16328563
16578568
13453913
3349269
13154728
3313727
1790049
1806258
-1
18929063
13561308
13744264
-1
25080242
6726065
4656622
7341017
22910594
16613847
-1
120772
6991861
-1
16754762
9028665
17347510
6915187
15138590
12044447
22126747
21812954
19857063
24708937
1924473
-1
6070733
16597945
12888521
10789035
4345020
5592405
-1
18848763
7073299
-1
3970342
15809998
19178366
4846093
-1
-1
-1
-1
12746854
24315253
-1
15258231
18138325
8417869
-1
-1
7105156
-1
6212421
5589897
11104650
10297611
11409017
-1
1814793
3460263
-1
1554678
12949355
23678674
10259080
-1
17421870
4297575
9221509
18295807
2445979
20094004
24047601
7419150
18187103
20703532
14448724
17194229
19898872
17191070
12235555
14871029
15247224
-1
4377832
-1
9321620
1861811
10027216
7937105
16334648
22251129
13010666
20704496
7904929
-1
-1
-1
4926685
11855614
-1
-1
16356024
18684460
-1
5453878
-1
10595926
1597059
23897423
20501474
5915732
12215608
13395245
24484817
12230642
14476021
-1
2830598
21190964
25018431
17284885
-1
4805922
9113221
15997421
24038025
19413533
20658178
24102291
13033535
5953887
18607469
16887008
22717446
8242607
6487393
15545292
14726470
6417384
4423663
12396165
-1
25132122
21569105
-1
13533510
14745248
-1
5300601
22795591
16915423
5284128
14326726
-1
17067958
7797051
1078372
11930106
-1
9589462
4301456
19607100
17299735
8312410
8672756
19717071
11711358
302985
4698503
-1
6095236
-1
-1
23792338
23909780
-1
24199034
12698590
2107899
14873658
13866206
3505379
15426991
13103340
17788426
-1
413596
4166746
9438364
6184843
4518516
3393372
-1
7862074
-1
2065367
21725644
15691809
11048332
13718327
19015880
7804980
11544273
-1
22730160
-1
-1
19380518
3342225
16067011
22340925
17706392
11533513
14477190
-1
13894798
13136631
-1
10555134
1380679
-1
11158252
21912851
13012766
4790649
-1
4424855
16802038
16010270
3340054
7114150
9877294
1818325
6316166
-1
-1
-1
11408176
-1
-1
2695886
15025471
11894149
11837181
3838794
11629105
14547453
22719079
21884455
14279491
17260488
7524309
6814805
11048425
-1
931982
7835999
5715353
