20937
4861
8635
14988
8498
11808
20450
18973
11767
10649
16098
27697
11705
15603
5614
5233
8681
256354
10281
14019
7761
29926
8656
14182
14525
29219
5924
11184
18319
5349
13918
13513
13291
17387
8296
17750
43649
24834
9713
16430
11819
8033
10899
8776
9942
14011
28284
6513
25797
13435
27107
10620
16820
53403
10743
9608
20322
9712
2652
18405
94850
31065
12828
8265
40803
20507
19708
190299
14699
7401
1916
21837
11814
151137
36742
15756
16193
9769
12252
13510
11443
5083
23015
11687
13872
18963
23974
10160
17947
31159
17094
6000
11797
8502
12364
110298
8826
13987
11156
14442
