4422
2559
4042
4133
3016
2823
5548
4480
2983
3993
6629
4996
3012
4219
4716
2311
3438
7950
3956
5752
3062
5284
4657
4241
4203
7797
4561
3451
3137
2739
4458
4472
4946
4855
4664
3936
5599
6235
4255
3195
3856
3800
5704
5300
4118
6132
5145
3477
5385
4261
5646
4833
4486
6004
5627
4087
5242
2139
1695
5558
9751
4909
2830
3879
5099
5340
5626
7927
5379
3536
1403
3897
5076
8381
4609
6517
4974
3140
3308
4078
4076
3013
3701
4254
5497
3736
4188
3941
4226
5792
5329
3950
5754
4046
3815
6765
4781
4847
4559
4718
